Lab3b_DangerousApp/app/build/outputs/logs/manifest-merger-debug-report.txt
-- Merging decision tree log ---
manifest
ADDED from src\main\AndroidManifest.xml:2:1-55:12
	package
		ADDED from src\main\AndroidManifest.xml:3:5-39
		INJECTED from src\main\AndroidManifest.xml
		INJECTED from src\main\AndroidManifest.xml
	android:versionName
		ADDED from src\main\AndroidManifest.xml:5:5-30
		INJECTED from src\main\AndroidManifest.xml
		INJECTED from src\main\AndroidManifest.xml
	android:versionCode
		ADDED from src\main\AndroidManifest.xml:4:5-28
		INJECTED from src\main\AndroidManifest.xml
		INJECTED from src\main\AndroidManifest.xml
	xmlns:android
		ADDED from src\main\AndroidManifest.xml:2:11-69
uses-sdk
ADDED from src\main\AndroidManifest.xml:7:5-9:41
	android:targetSdkVersion
		ADDED from src\main\AndroidManifest.xml:9:9-38
		INJECTED from src\main\AndroidManifest.xml
		INJECTED from src\main\AndroidManifest.xml
	android:minSdkVersion
		ADDED from src\main\AndroidManifest.xml:8:9-35
		INJECTED from src\main\AndroidManifest.xml
		INJECTED from src\main\AndroidManifest.xml
permission#course.labs.permissions.DANGEROUS_ACTIVITY_PERM
ADDED from src\main\AndroidManifest.xml:11:5-13:19
	android:protectionLevel
		ADDED from src\main\AndroidManifest.xml:12:17-52
	android:name
		ADDED from src\main\AndroidManifest.xml:11:17-79
application
ADDED from src\main\AndroidManifest.xml:21:5-53:19
	android:label
		ADDED from src\main\AndroidManifest.xml:24:9-41
	android:allowBackup
		ADDED from src\main\AndroidManifest.xml:22:9-35
	android:icon
		ADDED from src\main\AndroidManifest.xml:23:9-45
	android:theme
		ADDED from src\main\AndroidManifest.xml:25:9-40
activity#course.labs.dangerousapp.DangerousActivity
ADDED from src\main\AndroidManifest.xml:29:9-52:20
	android:label
		ADDED from src\main\AndroidManifest.xml:32:13-45
	android:permission
		ADDED from src\main\AndroidManifest.xml:30:13-81
	android:name
		ADDED from src\main\AndroidManifest.xml:31:13-46
intent-filter#android.intent.category.DEFAULT+course.labs.permissions.DANGEROUS_ACTIVITY
ADDED from src\main\AndroidManifest.xml:39:13-44:29
action#course.labs.permissions.DANGEROUS_ACTIVITY
ADDED from src\main\AndroidManifest.xml:40:17-84
	android:name
		ADDED from src\main\AndroidManifest.xml:40:25-82
category#android.intent.category.DEFAULT
ADDED from src\main\AndroidManifest.xml:41:17-75
	android:name
		ADDED from src\main\AndroidManifest.xml:41:27-73
intent-filter#android.intent.action.MAIN+android.intent.category.LAUNCHER
ADDED from src\main\AndroidManifest.xml:47:13-51:29
action#android.intent.action.MAIN
ADDED from src\main\AndroidManifest.xml:48:17-69
	android:name
		ADDED from src\main\AndroidManifest.xml:48:25-66
category#android.intent.category.LAUNCHER
ADDED from src\main\AndroidManifest.xml:50:17-77
	android:name
		ADDED from src\main\AndroidManifest.xml:50:27-74